<?xml version="1.0" encoding="UTF-8"?>
<!-- Generated by org.testng.reporters.JUnitXMLReporter -->
<testsuite hostname="DESKTOP-U8UDBFC" ignored="0" name="Test" tests="3" failures="0" timestamp="2020-10-24T13:23:26 IST" time="50.251" errors="0">
  <testcase name="loginLogout" time="8.398" classname="testcases.LoginAndLogout"/>
  <testcase name="loginLogout" time="8.122" classname="testcases.LoginWithInvalidData"/>
  <testcase name="loginLogout" time="7.545" classname="testcases.LoginAndLogout"/>
</testsuite> <!-- Test -->
