<?xml version="1.0" encoding="UTF-8"?>
<testng-results ignored="0" total="0" passed="0" failed="0" skipped="0">
  <reporter-output>
  </reporter-output>
  <suite started-at="2022-02-13T18:41:42 IST" name="Default suite" finished-at="2022-02-13T18:41:43 IST" duration-ms="177">
    <groups>
      <group name="cucumber">
        <method signature="AbstractTestNGCucumberTests.runScenario(cucumber.api.testng.PickleEventWrapper, cucumber.api.testng.CucumberFeatureWrapper)[pri:0, instance:base.ProjectSpecificMethods@15c43bd9]" name="runScenario" class="cucumber.api.testng.AbstractTestNGCucumberTests"/>
      </group> <!-- cucumber -->
    </groups>
    <test started-at="2022-02-13T18:41:42 IST" name="Default test" finished-at="2022-02-13T18:41:43 IST" duration-ms="177">
      <class name="base.ProjectSpecificMethods">
        <test-method is-config="true" signature="startReport()[pri:0, instance:base.ProjectSpecificMethods@15c43bd9]" started-at="2022-02-13T18:41:42 IST" name="startReport" finished-at="2022-02-13T18:41:42 IST" duration-ms="291" status="PASS">
          <reporter-output>
          </reporter-output>
        </test-method> <!-- startReport -->
        <test-method is-config="true" signature="setUpClass()[pri:0, instance:base.ProjectSpecificMethods@15c43bd9]" started-at="2022-02-13T18:41:42 IST" name="setUpClass" finished-at="2022-02-13T18:41:43 IST" duration-ms="116" status="PASS">
          <reporter-output>
          </reporter-output>
        </test-method> <!-- setUpClass -->
        <test-method is-config="true" signature="testDetails()[pri:0, instance:base.ProjectSpecificMethods@15c43bd9]" started-at="2022-02-13T18:41:43 IST" name="testDetails" finished-at="2022-02-13T18:41:43 IST" duration-ms="2" status="FAIL">
          <exception class="java.lang.IllegalArgumentException">
            <message>
              <![CDATA[testName cannot be null or empty]]>
            </message>
            <full-stacktrace>
              <![CDATA[java.lang.IllegalArgumentException: testName cannot be null or empty
at com.aventstack.extentreports.ExtentTest.<init>(ExtentTest.java:80)
at com.aventstack.extentreports.ExtentTest.<init>(ExtentTest.java:100)
at com.aventstack.extentreports.ExtentReports.createTest(ExtentReports.java:238)
at base.ProjectSpecificMethods.testDetails(ProjectSpecificMethods.java:51)
at java.base/jdk.internal.reflect.NativeMethodAccessorImpl.invoke0(Native Method)
at java.base/jdk.internal.reflect.NativeMethodAccessorImpl.invoke(NativeMethodAccessorImpl.java:62)
at java.base/jdk.internal.reflect.DelegatingMethodAccessorImpl.invoke(DelegatingMethodAccessorImpl.java:43)
at java.base/java.lang.reflect.Method.invoke(Method.java:564)
at org.testng.internal.MethodInvocationHelper.invokeMethod(MethodInvocationHelper.java:132)
at org.testng.internal.MethodInvocationHelper.invokeMethodConsideringTimeout(MethodInvocationHelper.java:61)
at org.testng.internal.ConfigInvoker.invokeConfigurationMethod(ConfigInvoker.java:366)
at org.testng.internal.ConfigInvoker.invokeConfigurations(ConfigInvoker.java:320)
at org.testng.internal.TestMethodWorker.invokeBeforeClassMethods(TestMethodWorker.java:176)
at org.testng.internal.TestMethodWorker.run(TestMethodWorker.java:122)
at java.base/java.util.ArrayList.forEach(ArrayList.java:1510)
at org.testng.TestRunner.privateRun(TestRunner.java:764)
at org.testng.TestRunner.run(TestRunner.java:585)
at org.testng.SuiteRunner.runTest(SuiteRunner.java:384)
at org.testng.SuiteRunner.runSequentially(SuiteRunner.java:378)
at org.testng.SuiteRunner.privateRun(SuiteRunner.java:337)
at org.testng.SuiteRunner.run(SuiteRunner.java:286)
at org.testng.SuiteRunnerWorker.runSuite(SuiteRunnerWorker.java:53)
at org.testng.SuiteRunnerWorker.run(SuiteRunnerWorker.java:96)
at org.testng.TestNG.runSuitesSequentially(TestNG.java:1218)
at org.testng.TestNG.runSuitesLocally(TestNG.java:1140)
at org.testng.TestNG.runSuites(TestNG.java:1069)
at org.testng.TestNG.run(TestNG.java:1037)
at org.testng.remote.AbstractRemoteTestNG.run(AbstractRemoteTestNG.java:115)
at org.testng.remote.RemoteTestNG.initAndRun(RemoteTestNG.java:251)
at org.testng.remote.RemoteTestNG.main(RemoteTestNG.java:77)
]]>
            </full-stacktrace>
          </exception> <!-- java.lang.IllegalArgumentException -->
          <reporter-output>
          </reporter-output>
        </test-method> <!-- testDetails -->
        <test-method is-config="true" signature="tearDownClass()[pri:0, instance:base.ProjectSpecificMethods@15c43bd9]" started-at="2022-02-13T18:41:43 IST" name="tearDownClass" finished-at="2022-02-13T18:41:43 IST" duration-ms="4" status="PASS">
          <reporter-output>
          </reporter-output>
        </test-method> <!-- tearDownClass -->
        <test-method is-config="true" signature="endReport()[pri:0, instance:base.ProjectSpecificMethods@15c43bd9]" started-at="2022-02-13T18:41:43 IST" name="endReport" finished-at="1970-01-01T05:30:00 IST" duration-ms="-1644757903216" status="SKIP">
          <reporter-output>
          </reporter-output>
        </test-method> <!-- endReport -->
      </class> <!-- base.ProjectSpecificMethods -->
    </test> <!-- Default test -->
  </suite> <!-- Default suite -->
</testng-results>
